<?xml version="1.0" encoding="UTF-8"?>
<!-- Generated by org.testng.reporters.JUnitReportReporter -->
<testsuite hostname="3inmcpandit.ad.here.com" name="com.pilvo.dragndrop.DragnDrop_Test" tests="1" failures="0" timestamp="9 Feb 2019 10:34:38 GMT" time="47.483" errors="0">
  <testcase name="check_action" time="47.483" classname="com.pilvo.dragndrop.DragnDrop_Test"/>
</testsuite> <!-- com.pilvo.dragndrop.DragnDrop_Test -->
